time="2021-11-25 12:45:31.326" level=error msg="unsupported destination, should be slice or struct" func=GetNetworkByName file="network.go:23"
time="2021-11-25 12:45:31.328" level=error func=GetDealFromCalibration file="deal.go:18"
time="2021-11-25 12:46:36.679" level=error msg="Error 1146: Table 'sr2.network' doesn't exist" func=GetNetworkByName file="network.go:23"
time="2021-11-25 12:46:36.680" level=error func=GetDealFromCalibration file="deal.go:18"
time="2021-11-25 12:56:49.099" level=fatal msg="db err: Error 1045: Access denied for user 'root'@'localhost' (using password: YES)" func=Init file="database.go:25"
time="2021-11-25 13:14:55.790" level=error msg="unexpected end of JSON input" func=GetFieldFromJson file="json.go:13"
time="2021-11-25 13:52:40.826" level=error msg="parsing time \"2021-02-22 01:49:30\" as \"2021-02-22 01:49:30\": cannot parse \"-02-22 01:49:30\" as \"1\"" func=GetDealFromCalibration file="deal.go:80"
time="2021-11-25 13:52:41.131" level=error msg="parsing time \"2021-02-22 01:49:30\" as \"2021-02-22 01:49:30\": cannot parse \"-02-22 01:49:30\" as \"1\"" func=GetDealFromCalibration file="deal.go:80"
time="2021-11-25 13:52:41.438" level=error msg="parsing time \"2021-02-22 01:49:30\" as \"2021-02-22 01:49:30\": cannot parse \"-02-22 01:49:30\" as \"1\"" func=GetDealFromCalibration file="deal.go:80"
time="2021-11-25 13:52:41.746" level=error msg="parsing time \"2021-02-22 02:14:30\" as \"2021-02-22 01:49:30\": cannot parse \"-02-22 02:14:30\" as \"1\"" func=GetDealFromCalibration file="deal.go:80"
time="2021-11-25 13:52:42.056" level=error msg="parsing time \"2021-02-22 02:14:30\" as \"2021-02-22 01:49:30\": cannot parse \"-02-22 02:14:30\" as \"1\"" func=GetDealFromCalibration file="deal.go:80"
time="2021-11-25 13:52:42.360" level=error msg="parsing time \"2021-02-22 02:14:30\" as \"2021-02-22 01:49:30\": cannot parse \"-02-22 02:14:30\" as \"1\"" func=GetDealFromCalibration file="deal.go:80"
time="2021-11-25 13:52:42.667" level=error msg="parsing time \"2021-02-22 02:14:30\" as \"2021-02-22 01:49:30\": cannot parse \"-02-22 02:14:30\" as \"1\"" func=GetDealFromCalibration file="deal.go:80"
time="2021-11-25 13:52:42.975" level=error msg="parsing time \"2021-02-22 02:14:30\" as \"2021-02-22 01:49:30\": cannot parse \"-02-22 02:14:30\" as \"1\"" func=GetDealFromCalibration file="deal.go:80"
time="2021-11-25 13:52:43.282" level=error msg="parsing time \"2021-02-22 02:14:30\" as \"2021-02-22 01:49:30\": cannot parse \"-02-22 02:14:30\" as \"1\"" func=GetDealFromCalibration file="deal.go:80"
time="2021-11-25 13:52:43.496" level=error msg="parsing time \"2021-02-22 02:14:30\" as \"2021-02-22 01:49:30\": cannot parse \"-02-22 02:14:30\" as \"1\"" func=GetDealFromCalibration file="deal.go:80"
time="2021-11-25 13:52:43.794" level=error msg="parsing time \"2021-02-22 02:14:30\" as \"2021-02-22 01:49:30\": cannot parse \"-02-22 02:14:30\" as \"1\"" func=GetDealFromCalibration file="deal.go:80"
time="2021-11-25 13:52:44.011" level=error msg="parsing time \"2021-02-22 03:45:00\" as \"2021-02-22 01:49:30\": cannot parse \"-02-22 03:45:00\" as \"1\"" func=GetDealFromCalibration file="deal.go:80"
time="2021-11-25 13:52:44.228" level=error msg="parsing time \"2021-02-23 10:46:30\" as \"2021-02-22 01:49:30\": cannot parse \"-02-23 10:46:30\" as \"1\"" func=GetDealFromCalibration file="deal.go:80"
time="2021-11-25 13:52:44.510" level=error msg="parsing time \"2021-02-23 10:46:30\" as \"2021-02-22 01:49:30\": cannot parse \"-02-23 10:46:30\" as \"1\"" func=GetDealFromCalibration file="deal.go:80"
time="2021-11-25 13:56:01.140" level=error msg="parsing time \"2021-02-22 01:49:30\" as \"2021-02-22 01:49:30\": cannot parse \"-02-22 01:49:30\" as \"1\"" func=GetDealFromCalibration file="deal.go:82"
time="2021-11-25 13:56:01.378" level=error msg="parsing time \"2021-02-22 01:49:30\" as \"2021-02-22 01:49:30\": cannot parse \"-02-22 01:49:30\" as \"1\"" func=GetDealFromCalibration file="deal.go:82"
time="2021-11-25 13:56:01.610" level=error msg="parsing time \"2021-02-22 01:49:30\" as \"2021-02-22 01:49:30\": cannot parse \"-02-22 01:49:30\" as \"1\"" func=GetDealFromCalibration file="deal.go:82"
time="2021-11-25 13:56:01.838" level=error msg="parsing time \"2021-02-22 02:14:30\" as \"2021-02-22 01:49:30\": cannot parse \"-02-22 02:14:30\" as \"1\"" func=GetDealFromCalibration file="deal.go:82"
time="2021-11-25 13:56:02.144" level=error msg="parsing time \"2021-02-22 02:14:30\" as \"2021-02-22 01:49:30\": cannot parse \"-02-22 02:14:30\" as \"1\"" func=GetDealFromCalibration file="deal.go:82"
time="2021-11-25 13:56:02.451" level=error msg="parsing time \"2021-02-22 02:14:30\" as \"2021-02-22 01:49:30\": cannot parse \"-02-22 02:14:30\" as \"1\"" func=GetDealFromCalibration file="deal.go:82"
time="2021-11-25 13:56:02.760" level=error msg="parsing time \"2021-02-22 02:14:30\" as \"2021-02-22 01:49:30\": cannot parse \"-02-22 02:14:30\" as \"1\"" func=GetDealFromCalibration file="deal.go:82"
time="2021-11-25 13:56:03.066" level=error msg="parsing time \"2021-02-22 02:14:30\" as \"2021-02-22 01:49:30\": cannot parse \"-02-22 02:14:30\" as \"1\"" func=GetDealFromCalibration file="deal.go:82"
time="2021-11-25 13:56:03.374" level=error msg="parsing time \"2021-02-22 02:14:30\" as \"2021-02-22 01:49:30\": cannot parse \"-02-22 02:14:30\" as \"1\"" func=GetDealFromCalibration file="deal.go:82"
time="2021-11-25 13:56:03.680" level=error msg="parsing time \"2021-02-22 02:14:30\" as \"2021-02-22 01:49:30\": cannot parse \"-02-22 02:14:30\" as \"1\"" func=GetDealFromCalibration file="deal.go:82"
time="2021-11-25 14:04:06.399" level=error msg="parsing time \"2021-02-22 01:49:30\" as \"2006-01-02T15:04:05+0000\": cannot parse \" 01:49:30\" as \"T\"" func=GetDealFromCalibration file="deal.go:82"
time="2021-11-25 14:04:06.702" level=error msg="parsing time \"2021-02-22 01:49:30\" as \"2006-01-02T15:04:05+0000\": cannot parse \" 01:49:30\" as \"T\"" func=GetDealFromCalibration file="deal.go:82"
time="2021-11-25 14:04:07.010" level=error msg="parsing time \"2021-02-22 01:49:30\" as \"2006-01-02T15:04:05+0000\": cannot parse \" 01:49:30\" as \"T\"" func=GetDealFromCalibration file="deal.go:82"
time="2021-11-25 14:04:07.321" level=error msg="parsing time \"2021-02-22 02:14:30\" as \"2006-01-02T15:04:05+0000\": cannot parse \" 02:14:30\" as \"T\"" func=GetDealFromCalibration file="deal.go:82"
time="2021-11-25 14:04:07.624" level=error msg="parsing time \"2021-02-22 02:14:30\" as \"2006-01-02T15:04:05+0000\": cannot parse \" 02:14:30\" as \"T\"" func=GetDealFromCalibration file="deal.go:82"
time="2021-11-25 14:04:07.849" level=error msg="parsing time \"2021-02-22 02:14:30\" as \"2006-01-02T15:04:05+0000\": cannot parse \" 02:14:30\" as \"T\"" func=GetDealFromCalibration file="deal.go:82"
time="2021-11-25 14:04:08.074" level=error msg="parsing time \"2021-02-22 02:14:30\" as \"2006-01-02T15:04:05+0000\": cannot parse \" 02:14:30\" as \"T\"" func=GetDealFromCalibration file="deal.go:82"
time="2021-11-25 14:04:08.300" level=error msg="parsing time \"2021-02-22 02:14:30\" as \"2006-01-02T15:04:05+0000\": cannot parse \" 02:14:30\" as \"T\"" func=GetDealFromCalibration file="deal.go:82"
time="2021-11-25 14:04:08.546" level=error msg="parsing time \"2021-02-22 02:14:30\" as \"2006-01-02T15:04:05+0000\": cannot parse \" 02:14:30\" as \"T\"" func=GetDealFromCalibration file="deal.go:82"
time="2021-11-25 14:04:08.853" level=error msg="parsing time \"2021-02-22 02:14:30\" as \"2006-01-02T15:04:05+0000\": cannot parse \" 02:14:30\" as \"T\"" func=GetDealFromCalibration file="deal.go:82"
time="2021-11-25 14:26:09.563" level=error msg="sql: expected 220 arguments, got 210" func=AddChainLinkDeals file="chainlink_deal.go:90"
time="2021-11-25 14:27:20.214" level=error msg="sql: expected 220 arguments, got 210" func=AddChainLinkDeals file="chainlink_deal.go:90"
time="2021-11-25 16:04:42.059" level=error func=GetDealsFromCalibration file="deal.go:51"
time="2021-11-25 16:04:42.366" level=error func=GetDealsFromCalibration file="deal.go:51"
time="2021-11-25 16:04:42.981" level=error func=GetDealsFromCalibration file="deal.go:51"
